Using pre-set license
Built from '2022.3/staging' branch; Version is '2022.3.60f1 (5f63fdee6d95) revision 6251517'; Using compiler version '192829333'; Build Type 'Release'
OS: 'Windows 10  (10.0.19045) 64bit CoreSingleLanguage' Language: 'en' Physical Memory: 5989 MB
BatchMode: 1, IsHumanControllingUs: 0, StartBugReporterOnCrash: 0, Is64bit: 1, IsPro: 1

COMMAND LINE ARGUMENTS:
C:\Program Files\Unity\Hub\Editor\2022.3.60f1\Editor\Unity.exe
-adb2
-batchMode
-noUpm
-name
AssetImportWorker0
-projectPath
C:/Users/iruka/OneDrive/Desktop/AkademiDeneme/deneme
-logFile
Logs/AssetImportWorker0.log
-srvPort
63433
Successfully changed project path to: C:/Users/iruka/OneDrive/Desktop/AkademiDeneme/deneme
C:/Users/iruka/OneDrive/Desktop/AkademiDeneme/deneme
[UnityMemory] Configuration Parameters - Can be set up in boot.config
    "memorysetup-bucket-allocator-granularity=16"
    "memorysetup-bucket-allocator-bucket-count=8"
    "memorysetup-bucket-allocator-block-size=33554432"
    "memorysetup-bucket-allocator-block-count=8"
    "memorysetup-main-allocator-block-size=16777216"
    "memorysetup-thread-allocator-block-size=16777216"
    "memorysetup-gfx-main-allocator-block-size=16777216"
    "memorysetup-gfx-thread-allocator-block-size=16777216"
    "memorysetup-cache-allocator-block-size=4194304"
    "memorysetup-typetree-allocator-block-size=2097152"
    "memorysetup-profiler-bucket-allocator-granularity=16"
    "memorysetup-profiler-bucket-allocator-bucket-count=8"
    "memorysetup-profiler-bucket-allocator-block-size=33554432"
    "memorysetup-profiler-bucket-allocator-block-count=8"
    "memorysetup-profiler-allocator-block-size=16777216"
    "memorysetup-profiler-editor-allocator-block-size=1048576"
    "memorysetup-temp-allocator-size-main=16777216"
    "memorysetup-job-temp-allocator-block-size=2097152"
    "memorysetup-job-temp-allocator-block-size-background=1048576"
    "memorysetup-job-temp-allocator-reduction-small-platforms=262144"
    "memorysetup-allocator-temp-initial-block-size-main=262144"
    "memorysetup-allocator-temp-initial-block-size-worker=262144"
    "memorysetup-temp-allocator-size-background-worker=32768"
    "memorysetup-temp-allocator-size-job-worker=262144"
    "memorysetup-temp-allocator-size-preload-manager=33554432"
    "memorysetup-temp-allocator-size-nav-mesh-worker=65536"
    "memorysetup-temp-allocator-size-audio-worker=65536"
    "memorysetup-temp-allocator-size-cloud-worker=32768"
    "memorysetup-temp-allocator-size-gi-baking-worker=262144"
    "memorysetup-temp-allocator-size-gfx=262144"
Player connection [22580]  Target information:

Player connection [22580]  * "[IP] 10.60.176.45 [Port] 0 [Flags] 2 [Guid] 561943034 [EditorId] 561943034 [Version] 1048832 [Id] WindowsEditor(7,DESKTOP-M11CIJK) [Debug] 1 [PackageName] WindowsEditor [ProjectName] Editor" 

Player connection [22580] Host joined multi-casting on [225.0.0.222:54997]...
Player connection [22580] Host joined alternative multi-casting on [225.0.0.222:34997]...
Input System module state changed to: Initialized.
[PhysX] Initialized MultithreadedTaskDispatcher with 12 workers.
Refreshing native plugins compatible for Editor in 2766.93 ms, found 3 plugins.
Preloading 0 native plugins for Editor in 0.00 ms.
Initialize engine version: 2022.3.60f1 (5f63fdee6d95)
[Subsystems] Discovering subsystems at path C:/Program Files/Unity/Hub/Editor/2022.3.60f1/Editor/Data/Resources/UnitySubsystems
[Subsystems] Discovering subsystems at path C:/Users/iruka/OneDrive/Desktop/AkademiDeneme/deneme/Assets
GfxDevice: creating device client; threaded=0; jobified=0
Direct3D:
    Version:  Direct3D 11.0 [level 11.1]
    Renderer: AMD Radeon(TM) Graphics (ID=0x164c)
    Vendor:   ATI
    VRAM:     2994 MB
    Driver:   31.0.21921.1000
Initialize mono
Mono path[0] = 'C:/Program Files/Unity/Hub/Editor/2022.3.60f1/Editor/Data/Managed'
Mono path[1] = 'C:/Program Files/Unity/Hub/Editor/2022.3.60f1/Editor/Data/MonoBleedingEdge/lib/mono/unityjit-win32'
Mono config path = 'C:/Program Files/Unity/Hub/Editor/2022.3.60f1/Editor/Data/MonoBleedingEdge/etc'
Using monoOptions --debugger-agent=transport=dt_socket,embedding=1,server=y,suspend=n,address=127.0.0.1:56012
Begin MonoManager ReloadAssembly
Registering precompiled unity dll's ...
Register platform support module: C:/Program Files/Unity/Hub/Editor/2022.3.60f1/Editor/Data/PlaybackEngines/WebGLSupport/UnityEditor.WebGL.Extensions.dll
Register platform support module: C:/Program Files/Unity/Hub/Editor/2022.3.60f1/Editor/Data/PlaybackEngines/AndroidPlayer/UnityEditor.Android.Extensions.dll
Register platform support module: C:/Program Files/Unity/Hub/Editor/2022.3.60f1/Editor/Data/PlaybackEngines/WindowsStandaloneSupport/UnityEditor.WindowsStandalone.Extensions.dll
Register platform support module: C:/Program Files/Unity/Hub/Editor/2022.3.60f1/Editor/Data/PlaybackEngines/MetroSupport/UnityEditor.UWP.Extensions.dll
Registered in 0.808865 seconds.
- Loaded All Assemblies, in 11.392 seconds
Native extension for UWP target not found
Native extension for WindowsStandalone target not found
Native extension for Android target not found
Android Extension - Scanning For ADB Devices 383 ms
Native extension for WebGL target not found
Mono: successfully reloaded assembly
- Finished resetting the current domain, in  0.753 seconds
Domain Reload Profiling: 12143ms
	BeginReloadAssembly (8414ms)
		ExecutionOrderSort (0ms)
		DisableScriptedObjects (0ms)
		BackupInstance (0ms)
		ReleaseScriptingObjects (0ms)
		CreateAndSetChildDomain (1ms)
	RebuildCommonClasses (501ms)
	RebuildNativeTypeToScriptingClass (11ms)
	initialDomainReloadingComplete (865ms)
	LoadAllAssembliesAndSetupDomain (1599ms)
		LoadAssemblies (8443ms)
		RebuildTransferFunctionScriptingTraits (0ms)
		AnalyzeDomain (1562ms)
			TypeCache.Refresh (1560ms)
				TypeCache.ScanAssembly (1258ms)
			ScanForSourceGeneratedMonoScriptInfo (1ms)
			ResolveRequiredComponents (1ms)
	FinalizeReload (754ms)
		ReleaseScriptCaches (0ms)
		RebuildScriptCaches (0ms)
		SetupLoadedEditorAssemblies (702ms)
			LogAssemblyErrors (0ms)
			InitializePlatformSupportModulesInManaged (492ms)
			SetLoadedEditorAssemblies (6ms)
			RefreshPlugins (0ms)
			BeforeProcessingInitializeOnLoad (2ms)
			ProcessInitializeOnLoadAttributes (138ms)
			ProcessInitializeOnLoadMethodAttributes (63ms)
			AfterProcessingInitializeOnLoad (0ms)
			EditorAssembliesLoaded (0ms)
		ExecutionOrderSort2 (0ms)
		AwakeInstancesAfterBackupRestoration (0ms)
========================================================================
Worker process is ready to serve import requests
Caller must complete domain reload
Begin MonoManager ReloadAssembly
- Loaded All Assemblies, in  8.118 seconds
Native extension for UWP target not found
Native extension for WindowsStandalone target not found
Native extension for Android target not found
Native extension for WebGL target not found
Mono: successfully reloaded assembly
- Finished resetting the current domain, in  0.706 seconds
Domain Reload Profiling: 8820ms
	BeginReloadAssembly (206ms)
		ExecutionOrderSort (0ms)
		DisableScriptedObjects (6ms)
		BackupInstance (0ms)
		ReleaseScriptingObjects (0ms)
		CreateAndSetChildDomain (28ms)
	RebuildCommonClasses (39ms)
	RebuildNativeTypeToScriptingClass (11ms)
	initialDomainReloadingComplete (54ms)
	LoadAllAssembliesAndSetupDomain (7803ms)
		LoadAssemblies (7170ms)
		RebuildTransferFunctionScriptingTraits (0ms)
		AnalyzeDomain (761ms)
			TypeCache.Refresh (726ms)
				TypeCache.ScanAssembly (499ms)
			ScanForSourceGeneratedMonoScriptInfo (24ms)
			ResolveRequiredComponents (10ms)
	FinalizeReload (706ms)
		ReleaseScriptCaches (0ms)
		RebuildScriptCaches (0ms)
		SetupLoadedEditorAssemblies (557ms)
			LogAssemblyErrors (0ms)
			InitializePlatformSupportModulesInManaged (21ms)
			SetLoadedEditorAssemblies (3ms)
			RefreshPlugins (0ms)
			BeforeProcessingInitializeOnLoad (74ms)
			ProcessInitializeOnLoadAttributes (380ms)
			ProcessInitializeOnLoadMethodAttributes (70ms)
			AfterProcessingInitializeOnLoad (9ms)
			EditorAssembliesLoaded (0ms)
		ExecutionOrderSort2 (0ms)
		AwakeInstancesAfterBackupRestoration (7ms)
Launched and connected shader compiler UnityShaderCompiler.exe after 0.08 seconds
Refreshing native plugins compatible for Editor in 60.71 ms, found 3 plugins.
Preloading 0 native plugins for Editor in 0.00 ms.
Unloading 4897 Unused Serialized files (Serialized files now loaded: 0)
Unloading 24 unused Assets / (348.6 KB). Loaded Objects now: 5362.
Memory consumption went from 196.8 MB to 196.4 MB.
Total: 4.642100 ms (FindLiveObjects: 0.647200 ms CreateObjectMapping: 0.280600 ms MarkObjects: 3.462200 ms  DeleteObjects: 0.249900 ms)

AssetImportParameters requested are different than current active one (requested -> active):
  custom:container-demuxer-ogg: 62fdf1f143b41e24485cea50d1cbac27 -> 
  custom:video-decoder-ogg-theora: a1e56fd34408186e4bbccfd4996cb3dc -> 
  custom:framework-win-MediaFoundation: 216162199b28c13a410421893ffa2e32 -> 
  custom:CustomObjectIndexerAttribute: 72b91833f83ae208fae7752999fa3104 -> 
  custom:container-demuxer-webm: 4f35f7cbe854078d1ac9338744f61a02 -> 
  custom:container-muxer-webm: aa71ff27fc2769a1b78a27578f13a17b -> 
  custom:video-decoder-webm-vp8: 9c59270c3fd7afecdb556c50c9e8de78 -> 
  custom:SearchIndexIgnoredProperties: e643bd26f0fe6173181afceb89e7c659 -> 
  custom:AudioImporter_EditorPlatform: d09bf68614088b80899f8185d706f6e7 -> 
  custom:video-encoder-webm-vp8: eb34c28f22e8b96e1ab97ce403110664 -> 
  custom:audio-decoder-ogg-vorbis: bf7c407c2cedff20999df2af8eb42d56 -> 
  custom:audio-encoder-webm-vorbis: bf7c407c2cedff20999df2af8eb42d56 -> 
========================================================================
Received Import Request.
  Time since last request: 349655.147586 seconds.
  path: Assets/assets/galleryFinal.fbx
  artifactKey: Guid(62853ebde33ee4e47bf2b76f28820251) Importer(815301076,1909f56bfc062723c751e8b465ee728b)
Start importing Assets/assets/galleryFinal.fbx using Guid(62853ebde33ee4e47bf2b76f28820251) Importer(815301076,1909f56bfc062723c751e8b465ee728b) [PhysX] Initialized MultithreadedTaskDispatcher with 12 workers.
[PhysX] Initialized MultithreadedTaskDispatcher with 12 workers.
[PhysX] Initialized MultithreadedTaskDispatcher with 12 workers.
[PhysX] Initialized MultithreadedTaskDispatcher with 12 workers.
[PhysX] Initialized MultithreadedTaskDispatcher with 12 workers.
[PhysX] Initialized MultithreadedTaskDispatcher with 12 workers.
[PhysX] Initialized MultithreadedTaskDispatcher with 12 workers.
[PhysX] Initialized MultithreadedTaskDispatcher with 12 workers.
 -> (artifact id: '4624442e0d1fc2bdeb30b3396f72a18c') in 2.016001 seconds
Number of updated asset objects reloaded before import = 0
Number of asset objects unloaded after import = 39
========================================================================
Received Import Request.
  Time since last request: 783.587093 seconds.
  path: Assets/Mats
  artifactKey: Guid(0afedcb420c90cb459c4f68a89fb4087) Importer(815301076,1909f56bfc062723c751e8b465ee728b)
Start importing Assets/Mats using Guid(0afedcb420c90cb459c4f68a89fb4087) Importer(815301076,1909f56bfc062723c751e8b465ee728b) [PhysX] Initialized MultithreadedTaskDispatcher with 12 workers.
 -> (artifact id: 'c6af894a8b09fcc1f9e2d5ca45aaaa9e') in 0.014668 seconds
Number of updated asset objects reloaded before import = 0
Number of asset objects unloaded after import = 0
========================================================================
Received Import Request.
  Time since last request: 5.720490 seconds.
  path: Assets/Mats/Marble
  artifactKey: Guid(0ae3b208434dca2469fe7e7ef069b9f6) Importer(815301076,1909f56bfc062723c751e8b465ee728b)
Start importing Assets/Mats/Marble using Guid(0ae3b208434dca2469fe7e7ef069b9f6) Importer(815301076,1909f56bfc062723c751e8b465ee728b) [PhysX] Initialized MultithreadedTaskDispatcher with 12 workers.
 -> (artifact id: '0ee7c9f546baba07026c88ad158342f7') in 0.002495 seconds
Number of updated asset objects reloaded before import = 0
Number of asset objects unloaded after import = 0
========================================================================
Received Import Request.
  Time since last request: 34.273834 seconds.
  path: Assets/Mats/Marble/Tiles074_1K-PNG_Displacement.png
  artifactKey: Guid(09b61b764f5b4434e9a966c9c6a1f6aa) Importer(815301076,1909f56bfc062723c751e8b465ee728b)
Start importing Assets/Mats/Marble/Tiles074_1K-PNG_Displacement.png using Guid(09b61b764f5b4434e9a966c9c6a1f6aa) Importer(815301076,1909f56bfc062723c751e8b465ee728b) [PhysX] Initialized MultithreadedTaskDispatcher with 12 workers.
[PhysX] Initialized MultithreadedTaskDispatcher with 12 workers.
 -> (artifact id: '4532783bf2b3c4e9d885c375f4a8fea1') in 0.727393 seconds
Number of updated asset objects reloaded before import = 0
Number of asset objects unloaded after import = 2
========================================================================
Received Import Request.
  Time since last request: 1.062250 seconds.
  path: Assets/Mats/Marble/Tiles074_1K-PNG_Roughness.png
  artifactKey: Guid(8667b87d813d22545b0fdbaa1ece74ae) Importer(815301076,1909f56bfc062723c751e8b465ee728b)
Start importing Assets/Mats/Marble/Tiles074_1K-PNG_Roughness.png using Guid(8667b87d813d22545b0fdbaa1ece74ae) Importer(815301076,1909f56bfc062723c751e8b465ee728b) [PhysX] Initialized MultithreadedTaskDispatcher with 12 workers.
[PhysX] Initialized MultithreadedTaskDispatcher with 12 workers.
 -> (artifact id: '8b34f10464d682fa8cfc5542145db019') in 0.029501 seconds
Number of updated asset objects reloaded before import = 0
Number of asset objects unloaded after import = 2
========================================================================
Received Import Request.
  Time since last request: 25.660339 seconds.
  path: Assets/Mats/Wall
  artifactKey: Guid(6d0377ebad09867449fd6a09c65c70ee) Importer(815301076,1909f56bfc062723c751e8b465ee728b)
Start importing Assets/Mats/Wall using Guid(6d0377ebad09867449fd6a09c65c70ee) Importer(815301076,1909f56bfc062723c751e8b465ee728b) [PhysX] Initialized MultithreadedTaskDispatcher with 12 workers.
 -> (artifact id: '544fcca102eb5f39f1b6ea86e0a65d56') in 0.001560 seconds
Number of updated asset objects reloaded before import = 0
Number of asset objects unloaded after import = 0
========================================================================
Received Import Request.
  Time since last request: 363.243291 seconds.
  path: Assets/Mats/ceiling
  artifactKey: Guid(4228805378c51e742aab43d3532fa297) Importer(815301076,1909f56bfc062723c751e8b465ee728b)
Start importing Assets/Mats/ceiling using Guid(4228805378c51e742aab43d3532fa297) Importer(815301076,1909f56bfc062723c751e8b465ee728b) [PhysX] Initialized MultithreadedTaskDispatcher with 12 workers.
 -> (artifact id: '183b1d922ec26c67ae77eadbe4938c4d') in 0.001113 seconds
Number of updated asset objects reloaded before import = 0
Number of asset objects unloaded after import = 0
========================================================================
Received Import Request.
  Time since last request: 4.267482 seconds.
  path: Assets/Mats/Ceiling
  artifactKey: Guid(4228805378c51e742aab43d3532fa297) Importer(815301076,1909f56bfc062723c751e8b465ee728b)
Start importing Assets/Mats/Ceiling using Guid(4228805378c51e742aab43d3532fa297) Importer(815301076,1909f56bfc062723c751e8b465ee728b) [PhysX] Initialized MultithreadedTaskDispatcher with 12 workers.
 -> (artifact id: 'f7d2004161199f078711e2644b9cd0b9') in 0.000955 seconds
Number of updated asset objects reloaded before import = 0
Number of asset objects unloaded after import = 0
========================================================================
Received Import Request.
  Time since last request: 59.762583 seconds.
  path: Assets/Mats/Wall/Concrete034_1K-PNG_Roughness.png
  artifactKey: Guid(9dbcf17c40755cc4eb69c3af31c878d9) Importer(815301076,1909f56bfc062723c751e8b465ee728b)
Start importing Assets/Mats/Wall/Concrete034_1K-PNG_Roughness.png using Guid(9dbcf17c40755cc4eb69c3af31c878d9) Importer(815301076,1909f56bfc062723c751e8b465ee728b) [PhysX] Initialized MultithreadedTaskDispatcher with 12 workers.
[PhysX] Initialized MultithreadedTaskDispatcher with 12 workers.
 -> (artifact id: '931ea3b85f96f8b87750c10fa9ea622d') in 0.041539 seconds
Number of updated asset objects reloaded before import = 0
Number of asset objects unloaded after import = 2
========================================================================
Received Import Request.
  Time since last request: 494.072928 seconds.
  path: ProjectSettings/TagManager.asset
  artifactKey: Guid(00000000000000003000000000000000) Importer(815301076,1909f56bfc062723c751e8b465ee728b)
Start importing ProjectSettings/TagManager.asset using Guid(00000000000000003000000000000000) Importer(815301076,1909f56bfc062723c751e8b465ee728b) [PhysX] Initialized MultithreadedTaskDispatcher with 12 workers.
 -> (artifact id: '1d604704d75ea4bb5a49b1c970abab61') in 0.012436 seconds
Number of updated asset objects reloaded before import = 0
Number of asset objects unloaded after import = 0
========================================================================
Received Import Request.
  Time since last request: 905.017657 seconds.
  path: Assets/assets/galleryFinal_2.fbx
  artifactKey: Guid(9334959c139141c41934bbc1ec146b44) Importer(815301076,1909f56bfc062723c751e8b465ee728b)
Start importing Assets/assets/galleryFinal_2.fbx using Guid(9334959c139141c41934bbc1ec146b44) Importer(815301076,1909f56bfc062723c751e8b465ee728b) [PhysX] Initialized MultithreadedTaskDispatcher with 12 workers.
[PhysX] Initialized MultithreadedTaskDispatcher with 12 workers.
[PhysX] Initialized MultithreadedTaskDispatcher with 12 workers.
[PhysX] Initialized MultithreadedTaskDispatcher with 12 workers.
[PhysX] Initialized MultithreadedTaskDispatcher with 12 workers.
[PhysX] Initialized MultithreadedTaskDispatcher with 12 workers.
[PhysX] Initialized MultithreadedTaskDispatcher with 12 workers.
[PhysX] Initialized MultithreadedTaskDispatcher with 12 workers.
 -> (artifact id: '3ac348dd42b7b2a56a8d8bf830fdd797') in 0.296746 seconds
Number of updated asset objects reloaded before import = 0
Number of asset objects unloaded after import = 20
========================================================================
Received Import Request.
  Time since last request: 4.118620 seconds.
  path: Assets/assets/duvar.mat
  artifactKey: Guid(6cbe4cbd5989ef14ba2699fc264cbad1) Importer(815301076,1909f56bfc062723c751e8b465ee728b)
Start importing Assets/assets/duvar.mat using Guid(6cbe4cbd5989ef14ba2699fc264cbad1) Importer(815301076,1909f56bfc062723c751e8b465ee728b) [PhysX] Initialized MultithreadedTaskDispatcher with 12 workers.
[PhysX] Initialized MultithreadedTaskDispatcher with 12 workers.
 -> (artifact id: '3f53315a5b10c1cd9664df995d63df54') in 0.576637 seconds
Number of updated asset objects reloaded before import = 0
Number of asset objects unloaded after import = 2
========================================================================
Received Import Request.
  Time since last request: 0.000043 seconds.
  path: Assets/assets/koseler.mat
  artifactKey: Guid(2c2d9746ea43ac3449af875500064ff0) Importer(815301076,1909f56bfc062723c751e8b465ee728b)
Start importing Assets/assets/koseler.mat using Guid(2c2d9746ea43ac3449af875500064ff0) Importer(815301076,1909f56bfc062723c751e8b465ee728b) [PhysX] Initialized MultithreadedTaskDispatcher with 12 workers.
[PhysX] Initialized MultithreadedTaskDispatcher with 12 workers.
 -> (artifact id: '8bc8d3b522331e676c1c16877fd05f00') in 0.028743 seconds
Number of updated asset objects reloaded before import = 0
Number of asset objects unloaded after import = 2
========================================================================
Received Import Request.
  Time since last request: 0.000056 seconds.
  path: Assets/assets/finewood_27_roughness-1K.png
  artifactKey: Guid(b93c5cf22606f1742b0c43f7557506c4) Importer(815301076,1909f56bfc062723c751e8b465ee728b)
Start importing Assets/assets/finewood_27_roughness-1K.png using Guid(b93c5cf22606f1742b0c43f7557506c4) Importer(815301076,1909f56bfc062723c751e8b465ee728b) [PhysX] Initialized MultithreadedTaskDispatcher with 12 workers.
[PhysX] Initialized MultithreadedTaskDispatcher with 12 workers.
 -> (artifact id: '6f4592bf30aadb7025015572773336f4') in 0.175726 seconds
Number of updated asset objects reloaded before import = 0
Number of asset objects unloaded after import = 2
========================================================================
Received Import Request.
  Time since last request: 0.000029 seconds.
  path: Assets/assets/ic_kapi.fbx
  artifactKey: Guid(d520a224f6b2301498663eba3bbcb443) Importer(815301076,1909f56bfc062723c751e8b465ee728b)
Start importing Assets/assets/ic_kapi.fbx using Guid(d520a224f6b2301498663eba3bbcb443) Importer(815301076,1909f56bfc062723c751e8b465ee728b) [PhysX] Initialized MultithreadedTaskDispatcher with 12 workers.
[PhysX] Initialized MultithreadedTaskDispatcher with 12 workers.
[PhysX] Initialized MultithreadedTaskDispatcher with 12 workers.
[PhysX] Initialized MultithreadedTaskDispatcher with 12 workers.
[PhysX] Initialized MultithreadedTaskDispatcher with 12 workers.
[PhysX] Initialized MultithreadedTaskDispatcher with 12 workers.
 -> (artifact id: '6aff85a88b283d83e2b17ce377eeeb46') in 0.093947 seconds
Number of updated asset objects reloaded before import = 0
Number of asset objects unloaded after import = 11
========================================================================
Received Import Request.
  Time since last request: 0.000040 seconds.
  path: Assets/assets/kapi.fbx
  artifactKey: Guid(3507d457151188a4b9d2a3c3b94723b3) Importer(815301076,1909f56bfc062723c751e8b465ee728b)
Start importing Assets/assets/kapi.fbx using Guid(3507d457151188a4b9d2a3c3b94723b3) Importer(815301076,1909f56bfc062723c751e8b465ee728b) [PhysX] Initialized MultithreadedTaskDispatcher with 12 workers.
[PhysX] Initialized MultithreadedTaskDispatcher with 12 workers.
[PhysX] Initialized MultithreadedTaskDispatcher with 12 workers.
[PhysX] Initialized MultithreadedTaskDispatcher with 12 workers.
[PhysX] Initialized MultithreadedTaskDispatcher with 12 workers.
[PhysX] Initialized MultithreadedTaskDispatcher with 12 workers.
[PhysX] Initialized MultithreadedTaskDispatcher with 12 workers.
[PhysX] Initialized MultithreadedTaskDispatcher with 12 workers.
[PhysX] Initialized MultithreadedTaskDispatcher with 12 workers.
[PhysX] Initialized MultithreadedTaskDispatcher with 12 workers.
[PhysX] Initialized MultithreadedTaskDispatcher with 12 workers.
[PhysX] Initialized MultithreadedTaskDispatcher with 12 workers.
[PhysX] Initialized MultithreadedTaskDispatcher with 12 workers.
 -> (artifact id: '1916de81498d243bc1981c5ac14c446c') in 0.179902 seconds
Number of updated asset objects reloaded before import = 0
Number of asset objects unloaded after import = 27
========================================================================
Received Import Request.
  Time since last request: 0.000087 seconds.
  path: Assets/assets/finewood_27_normal-1K.png
  artifactKey: Guid(6e6364078b13bf54c98e42159e1735d1) Importer(815301076,1909f56bfc062723c751e8b465ee728b)
Start importing Assets/assets/finewood_27_normal-1K.png using Guid(6e6364078b13bf54c98e42159e1735d1) Importer(815301076,1909f56bfc062723c751e8b465ee728b) [PhysX] Initialized MultithreadedTaskDispatcher with 12 workers.
[PhysX] Initialized MultithreadedTaskDispatcher with 12 workers.
 -> (artifact id: 'a0d36df842708bc1aaeb83e302d239a5') in 0.062270 seconds
Number of updated asset objects reloaded before import = 0
Number of asset objects unloaded after import = 2
========================================================================
Received Import Request.
  Time since last request: 0.000052 seconds.
  path: Assets/assets/tiling_79_basecolor-1K.png
  artifactKey: Guid(0250db1300f5ae34792c34a2b2a60b63) Importer(815301076,1909f56bfc062723c751e8b465ee728b)
Start importing Assets/assets/tiling_79_basecolor-1K.png using Guid(0250db1300f5ae34792c34a2b2a60b63) Importer(815301076,1909f56bfc062723c751e8b465ee728b) [PhysX] Initialized MultithreadedTaskDispatcher with 12 workers.
[PhysX] Initialized MultithreadedTaskDispatcher with 12 workers.
 -> (artifact id: '8301120d988c54a398de4010cdb9c5d9') in 0.064823 seconds
Number of updated asset objects reloaded before import = 0
Number of asset objects unloaded after import = 2
========================================================================
Received Import Request.
  Time since last request: 0.000041 seconds.
  path: Assets/assets/for_lights.fbx
  artifactKey: Guid(1ab477f6aa7870743b2b78733d5db09e) Importer(815301076,1909f56bfc062723c751e8b465ee728b)
Start importing Assets/assets/for_lights.fbx using Guid(1ab477f6aa7870743b2b78733d5db09e) Importer(815301076,1909f56bfc062723c751e8b465ee728b) [PhysX] Initialized MultithreadedTaskDispatcher with 12 workers.
[PhysX] Initialized MultithreadedTaskDispatcher with 12 workers.
[PhysX] Initialized MultithreadedTaskDispatcher with 12 workers.
 -> (artifact id: '9b6cade044b15c70397c24932388ede0') in 0.058289 seconds
Number of updated asset objects reloaded before import = 0
Number of asset objects unloaded after import = 8
========================================================================
Received Import Request.
  Time since last request: 0.000036 seconds.
  path: Assets/assets/tiling_79_normal-1K.png
  artifactKey: Guid(ccb043c022f63f54096462b15bd969c0) Importer(815301076,1909f56bfc062723c751e8b465ee728b)
Start importing Assets/assets/tiling_79_normal-1K.png using Guid(ccb043c022f63f54096462b15bd969c0) Importer(815301076,1909f56bfc062723c751e8b465ee728b) [PhysX] Initialized MultithreadedTaskDispatcher with 12 workers.
[PhysX] Initialized MultithreadedTaskDispatcher with 12 workers.
 -> (artifact id: '01063bdca78ffaa87b02b3917ee70188') in 0.049305 seconds
Number of updated asset objects reloaded before import = 0
Number of asset objects unloaded after import = 2
========================================================================
Received Import Request.
  Time since last request: 0.000066 seconds.
  path: Assets/assets/tiling_79_roughness-1K.png
  artifactKey: Guid(d9694e9b6fa223e47826c31aec752207) Importer(815301076,1909f56bfc062723c751e8b465ee728b)
Start importing Assets/assets/tiling_79_roughness-1K.png using Guid(d9694e9b6fa223e47826c31aec752207) Importer(815301076,1909f56bfc062723c751e8b465ee728b) [PhysX] Initialized MultithreadedTaskDispatcher with 12 workers.
[PhysX] Initialized MultithreadedTaskDispatcher with 12 workers.
 -> (artifact id: '1f4c7195cefb2c708065c9f8bbf6f1ff') in 0.040573 seconds
Number of updated asset objects reloaded before import = 0
Number of asset objects unloaded after import = 2
========================================================================
Received Import Request.
  Time since last request: 0.000043 seconds.
  path: Assets/assets/finewood_27_basecolor-1K.png
  artifactKey: Guid(4c0bf9573ca796f4d92c6aa3128d4e7c) Importer(815301076,1909f56bfc062723c751e8b465ee728b)
Start importing Assets/assets/finewood_27_basecolor-1K.png using Guid(4c0bf9573ca796f4d92c6aa3128d4e7c) Importer(815301076,1909f56bfc062723c751e8b465ee728b) [PhysX] Initialized MultithreadedTaskDispatcher with 12 workers.
[PhysX] Initialized MultithreadedTaskDispatcher with 12 workers.
 -> (artifact id: 'e0ab324045d6884aed707b70d459fb76') in 0.046344 seconds
Number of updated asset objects reloaded before import = 0
Number of asset objects unloaded after import = 2
========================================================================
Received Import Request.
  Time since last request: 0.000043 seconds.
  path: Assets/assets/Material.004.mat
  artifactKey: Guid(f1907ca9a3b2f0c4e973f51c5d2dcabf) Importer(815301076,1909f56bfc062723c751e8b465ee728b)
Start importing Assets/assets/Material.004.mat using Guid(f1907ca9a3b2f0c4e973f51c5d2dcabf) Importer(815301076,1909f56bfc062723c751e8b465ee728b) [PhysX] Initialized MultithreadedTaskDispatcher with 12 workers.
[PhysX] Initialized MultithreadedTaskDispatcher with 12 workers.
 -> (artifact id: 'c65c4b11fd4a064ab8a89e0c6a8627d4') in 0.035719 seconds
Number of updated asset objects reloaded before import = 0
Number of asset objects unloaded after import = 5
========================================================================
Received Import Request.
  Time since last request: 0.000038 seconds.
  path: Assets/assets/gallery.fbx
  artifactKey: Guid(3f7a4ec2edef22c4eb85fc895f8923c8) Importer(815301076,1909f56bfc062723c751e8b465ee728b)
Start importing Assets/assets/gallery.fbx using Guid(3f7a4ec2edef22c4eb85fc895f8923c8) Importer(815301076,1909f56bfc062723c751e8b465ee728b) [PhysX] Initialized MultithreadedTaskDispatcher with 12 workers.
[PhysX] Initialized MultithreadedTaskDispatcher with 12 workers.
[PhysX] Initialized MultithreadedTaskDispatcher with 12 workers.
[PhysX] Initialized MultithreadedTaskDispatcher with 12 workers.
[PhysX] Initialized MultithreadedTaskDispatcher with 12 workers.
[PhysX] Initialized MultithreadedTaskDispatcher with 12 workers.
 -> (artifact id: '3ba476a6ffede5a25c4c0de7a6af0bdd') in 0.074209 seconds
Number of updated asset objects reloaded before import = 0
Number of asset objects unloaded after import = 19
========================================================================
Received Import Request.
  Time since last request: 0.000483 seconds.
  path: Assets/assets/resim_tablosu.fbx
  artifactKey: Guid(1e168d7beacf4b641a25ecf67f08c67b) Importer(815301076,1909f56bfc062723c751e8b465ee728b)
Start importing Assets/assets/resim_tablosu.fbx using Guid(1e168d7beacf4b641a25ecf67f08c67b) Importer(815301076,1909f56bfc062723c751e8b465ee728b) [PhysX] Initialized MultithreadedTaskDispatcher with 12 workers.
[PhysX] Initialized MultithreadedTaskDispatcher with 12 workers.
[PhysX] Initialized MultithreadedTaskDispatcher with 12 workers.
 -> (artifact id: 'e25afcc6b5e37d3c8cab7c797c7421f7') in 0.034078 seconds
Number of updated asset objects reloaded before import = 0
Number of asset objects unloaded after import = 8
========================================================================
Received Import Request.
  Time since last request: 4.276031 seconds.
  path: Assets/assets/easel.fbx
  artifactKey: Guid(d2f023a8a2216f74da664e8938456e2c) Importer(815301076,1909f56bfc062723c751e8b465ee728b)
Start importing Assets/assets/easel.fbx using Guid(d2f023a8a2216f74da664e8938456e2c) Importer(815301076,1909f56bfc062723c751e8b465ee728b) [PhysX] Initialized MultithreadedTaskDispatcher with 12 workers.
[PhysX] Initialized MultithreadedTaskDispatcher with 12 workers.
[PhysX] Initialized MultithreadedTaskDispatcher with 12 workers.
[PhysX] Initialized MultithreadedTaskDispatcher with 12 workers.
[PhysX] Initialized MultithreadedTaskDispatcher with 12 workers.
[PhysX] Initialized MultithreadedTaskDispatcher with 12 workers.
 -> (artifact id: '34ce25aa221c2c508aa33cb2d19f2bb8') in 0.109400 seconds
Number of updated asset objects reloaded before import = 0
Number of asset objects unloaded after import = 19
========================================================================
Received Import Request.
  Time since last request: 0.000084 seconds.
  path: Assets/assets/Material.007.mat
  artifactKey: Guid(3c9c6553591494e43935001aab5d516e) Importer(815301076,1909f56bfc062723c751e8b465ee728b)
Start importing Assets/assets/Material.007.mat using Guid(3c9c6553591494e43935001aab5d516e) Importer(815301076,1909f56bfc062723c751e8b465ee728b) [PhysX] Initialized MultithreadedTaskDispatcher with 12 workers.
[PhysX] Initialized MultithreadedTaskDispatcher with 12 workers.
 -> (artifact id: '5e0869c6f7ed28f0f0d32ad13a805b98') in 0.036862 seconds
Number of updated asset objects reloaded before import = 0
Number of asset objects unloaded after import = 5
========================================================================
Received Import Request.
  Time since last request: 778.082293 seconds.
  path: Assets/UniversalRenderPipelineGlobalSettings.asset
  artifactKey: Guid(18dc0cd2c080841dea60987a38ce93fa) Importer(815301076,1909f56bfc062723c751e8b465ee728b)
Start importing Assets/UniversalRenderPipelineGlobalSettings.asset using Guid(18dc0cd2c080841dea60987a38ce93fa) Importer(815301076,1909f56bfc062723c751e8b465ee728b) [PhysX] Initialized MultithreadedTaskDispatcher with 12 workers.
 -> (artifact id: 'ad80ba5e6109085775abba960972809b') in 0.020174 seconds
Number of updated asset objects reloaded before import = 0
Number of asset objects unloaded after import = 1
========================================================================
Received Import Request.
  Time since last request: 393.532713 seconds.
  path: Assets/UniversalRenderPipelineGlobalSettings.asset
  artifactKey: Guid(18dc0cd2c080841dea60987a38ce93fa) Importer(2089858483,0ecaa5967403d082aa24f35e1b516d23)
Start importing Assets/UniversalRenderPipelineGlobalSettings.asset using Guid(18dc0cd2c080841dea60987a38ce93fa) Importer(2089858483,0ecaa5967403d082aa24f35e1b516d23) [PhysX] Initialized MultithreadedTaskDispatcher with 12 workers.
 -> (artifact id: '93b8bf0b825914c59d68d3a2201842fe') in 2.284055 seconds
Number of updated asset objects reloaded before import = 0
Number of asset objects unloaded after import = 1
========================================================================
Received Import Request.
  Time since last request: 0.001364 seconds.
  path: Assets/Settings/URP-Performant-Renderer.asset
  artifactKey: Guid(707360a9c581a4bd7aa53bfeb1429f71) Importer(2089858483,0ecaa5967403d082aa24f35e1b516d23)
Start importing Assets/Settings/URP-Performant-Renderer.asset using Guid(707360a9c581a4bd7aa53bfeb1429f71) Importer(2089858483,0ecaa5967403d082aa24f35e1b516d23) [PhysX] Initialized MultithreadedTaskDispatcher with 12 workers.
 -> (artifact id: '6b8e1a6c576a139ccfceac5cf1855867') in 0.187986 seconds
Number of updated asset objects reloaded before import = 0
Number of asset objects unloaded after import = 1
========================================================================
Received Import Request.
  Time since last request: 0.000091 seconds.
  path: Assets/Mats/Wall/Concrete034_1K-PNG_NormalDX.png
  artifactKey: Guid(5784a1fc674800e4c911c92cf5511023) Importer(2089858483,0ecaa5967403d082aa24f35e1b516d23)
Start importing Assets/Mats/Wall/Concrete034_1K-PNG_NormalDX.png using Guid(5784a1fc674800e4c911c92cf5511023) Importer(2089858483,0ecaa5967403d082aa24f35e1b516d23) [PhysX] Initialized MultithreadedTaskDispatcher with 12 workers.
 -> (artifact id: '41f4e4ecf2744a4bb4df516c65c721a6') in 0.155751 seconds
Number of updated asset objects reloaded before import = 0
Number of asset objects unloaded after import = 1
========================================================================
Received Import Request.
  Time since last request: 0.000040 seconds.
  path: Assets/Scenes/gallery_scene.unity
  artifactKey: Guid(99c9720ab356a0642a771bea13969a05) Importer(2089858483,0ecaa5967403d082aa24f35e1b516d23)
Start importing Assets/Scenes/gallery_scene.unity using Guid(99c9720ab356a0642a771bea13969a05) Importer(2089858483,0ecaa5967403d082aa24f35e1b516d23) [PhysX] Initialized MultithreadedTaskDispatcher with 12 workers.
 -> (artifact id: '0393869c11be4a9c6c017af352a7d3e4') in 0.023288 seconds
Number of updated asset objects reloaded before import = 0
Number of asset objects unloaded after import = 1
========================================================================
Received Import Request.
  Time since last request: 0.000033 seconds.
  path: Assets/Mats/Marble/Marble.mat
  artifactKey: Guid(73839e5644cd4eb4c9dd9b5c098082e3) Importer(2089858483,0ecaa5967403d082aa24f35e1b516d23)
Start importing Assets/Mats/Marble/Marble.mat using Guid(73839e5644cd4eb4c9dd9b5c098082e3) Importer(2089858483,0ecaa5967403d082aa24f35e1b516d23) [PhysX] Initialized MultithreadedTaskDispatcher with 12 workers.
 -> (artifact id: '0fbf3243757f41bd2e5f131f02445f2c') in 0.088388 seconds
Number of updated asset objects reloaded before import = 0
Number of asset objects unloaded after import = 4
========================================================================
Received Import Request.
  Time since last request: 0.000045 seconds.
  path: Assets/assets/easel.fbx
  artifactKey: Guid(d2f023a8a2216f74da664e8938456e2c) Importer(2089858483,0ecaa5967403d082aa24f35e1b516d23)
Start importing Assets/assets/easel.fbx using Guid(d2f023a8a2216f74da664e8938456e2c) Importer(2089858483,0ecaa5967403d082aa24f35e1b516d23) [PhysX] Initialized MultithreadedTaskDispatcher with 12 workers.
 -> (artifact id: 'd6f253f75dea12e8117c7a1ae196690c') in 0.101452 seconds
Number of updated asset objects reloaded before import = 0
Number of asset objects unloaded after import = 14
========================================================================
Received Import Request.
  Time since last request: 0.000054 seconds.
  path: Assets/TutorialInfo/Icons/URP.png
  artifactKey: Guid(727a75301c3d24613a3ebcec4a24c2c8) Importer(2089858483,0ecaa5967403d082aa24f35e1b516d23)
Start importing Assets/TutorialInfo/Icons/URP.png using Guid(727a75301c3d24613a3ebcec4a24c2c8) Importer(2089858483,0ecaa5967403d082aa24f35e1b516d23) [PhysX] Initialized MultithreadedTaskDispatcher with 12 workers.
 -> (artifact id: '13bbff449db19b5e9692cbafa87705a7') in 0.042371 seconds
Number of updated asset objects reloaded before import = 0
Number of asset objects unloaded after import = 1
========================================================================
Received Import Request.
  Time since last request: 0.000043 seconds.
  path: Assets/Settings/SampleSceneProfile.asset
  artifactKey: Guid(a6560a915ef98420e9faacc1c7438823) Importer(2089858483,0ecaa5967403d082aa24f35e1b516d23)
Start importing Assets/Settings/SampleSceneProfile.asset using Guid(a6560a915ef98420e9faacc1c7438823) Importer(2089858483,0ecaa5967403d082aa24f35e1b516d23) [PhysX] Initialized MultithreadedTaskDispatcher with 12 workers.
 -> (artifact id: '92f9d5ac34abc84c43eed7eab982f9e1') in 0.064422 seconds
Number of updated asset objects reloaded before import = 0
Number of asset objects unloaded after import = 4
========================================================================
Received Import Request.
  Time since last request: 0.000038 seconds.
  path: Assets/Mats/Wall/Concrete034_1K-PNG_Roughness.png
  artifactKey: Guid(9dbcf17c40755cc4eb69c3af31c878d9) Importer(2089858483,0ecaa5967403d082aa24f35e1b516d23)
Start importing Assets/Mats/Wall/Concrete034_1K-PNG_Roughness.png using Guid(9dbcf17c40755cc4eb69c3af31c878d9) Importer(2089858483,0ecaa5967403d082aa24f35e1b516d23) [PhysX] Initialized MultithreadedTaskDispatcher with 12 workers.
 -> (artifact id: '426f359206f3fed7bc646474e94e298d') in 0.039361 seconds
Number of updated asset objects reloaded before import = 0
Number of asset objects unloaded after import = 1
========================================================================
Received Import Request.
  Time since last request: 0.000045 seconds.
  path: Assets/assets/Material.004.mat
  artifactKey: Guid(f1907ca9a3b2f0c4e973f51c5d2dcabf) Importer(2089858483,0ecaa5967403d082aa24f35e1b516d23)
Start importing Assets/assets/Material.004.mat using Guid(f1907ca9a3b2f0c4e973f51c5d2dcabf) Importer(2089858483,0ecaa5967403d082aa24f35e1b516d23) [PhysX] Initialized MultithreadedTaskDispatcher with 12 workers.
 -> (artifact id: '68b3fb7bbfdff57d58932b4980b951c7') in 0.040756 seconds
Number of updated asset objects reloaded before import = 0
Number of asset objects unloaded after import = 4
========================================================================
Received Import Request.
  Time since last request: 0.000048 seconds.
  path: Assets/Mats/Marble/Tiles074_1K-PNG_Color.png
  artifactKey: Guid(35a5b281000c43f47aec252b722a47d6) Importer(2089858483,0ecaa5967403d082aa24f35e1b516d23)
Start importing Assets/Mats/Marble/Tiles074_1K-PNG_Color.png using Guid(35a5b281000c43f47aec252b722a47d6) Importer(2089858483,0ecaa5967403d082aa24f35e1b516d23) [PhysX] Initialized MultithreadedTaskDispatcher with 12 workers.
 -> (artifact id: 'a30839494505f4c835efe75390a8db9d') in 0.035629 seconds
Number of updated asset objects reloaded before import = 0
Number of asset objects unloaded after import = 1
========================================================================
Received Import Request.
  Time since last request: 0.000054 seconds.
  path: Assets/Scripts/CameraPosition.cs
  artifactKey: Guid(08669d96dea0f304d96d1d30d721e57d) Importer(2089858483,0ecaa5967403d082aa24f35e1b516d23)
Start importing Assets/Scripts/CameraPosition.cs using Guid(08669d96dea0f304d96d1d30d721e57d) Importer(2089858483,0ecaa5967403d082aa24f35e1b516d23) [PhysX] Initialized MultithreadedTaskDispatcher with 12 workers.
 -> (artifact id: '7448a9b7cfa518d49dc0f38ccb062986') in 0.029000 seconds
Number of updated asset objects reloaded before import = 0
Number of asset objects unloaded after import = 1
========================================================================
Received Import Request.
  Time since last request: 0.000030 seconds.
  path: Assets/assets/resim_tablosu.fbx
  artifactKey: Guid(1e168d7beacf4b641a25ecf67f08c67b) Importer(2089858483,0ecaa5967403d082aa24f35e1b516d23)
Start importing Assets/assets/resim_tablosu.fbx using Guid(1e168d7beacf4b641a25ecf67f08c67b) Importer(2089858483,0ecaa5967403d082aa24f35e1b516d23) [PhysX] Initialized MultithreadedTaskDispatcher with 12 workers.
 -> (artifact id: 'b5636cc49826289fb3a82420c41a7821') in 0.065421 seconds
Number of updated asset objects reloaded before import = 0
Number of asset objects unloaded after import = 7
========================================================================
Received Import Request.
  Time since last request: 0.000041 seconds.
  path: Assets/assets/gallery.fbx
  artifactKey: Guid(3f7a4ec2edef22c4eb85fc895f8923c8) Importer(2089858483,0ecaa5967403d082aa24f35e1b516d23)
Start importing Assets/assets/gallery.fbx using Guid(3f7a4ec2edef22c4eb85fc895f8923c8) Importer(2089858483,0ecaa5967403d082aa24f35e1b516d23) [PhysX] Initialized MultithreadedTaskDispatcher with 12 workers.
 -> (artifact id: '446d507715285aa2ea5a6cac1c3bb741') in 0.039646 seconds
Number of updated asset objects reloaded before import = 0
Number of asset objects unloaded after import = 14
========================================================================
Received Import Request.
  Time since last request: 0.000059 seconds.
  path: Assets/assets/kapi.fbx
  artifactKey: Guid(3507d457151188a4b9d2a3c3b94723b3) Importer(2089858483,0ecaa5967403d082aa24f35e1b516d23)
Start importing Assets/assets/kapi.fbx using Guid(3507d457151188a4b9d2a3c3b94723b3) Importer(2089858483,0ecaa5967403d082aa24f35e1b516d23) [PhysX] Initialized MultithreadedTaskDispatcher with 12 workers.
 -> (artifact id: 'cc39dfd8895886c29846b74142598af0') in 0.078911 seconds
Number of updated asset objects reloaded before import = 0
Number of asset objects unloaded after import = 26
========================================================================
Received Import Request.
  Time since last request: 0.000034 seconds.
  path: Assets/assets/tiling_79_normal-1K.png
  artifactKey: Guid(ccb043c022f63f54096462b15bd969c0) Importer(2089858483,0ecaa5967403d082aa24f35e1b516d23)
Start importing Assets/assets/tiling_79_normal-1K.png using Guid(ccb043c022f63f54096462b15bd969c0) Importer(2089858483,0ecaa5967403d082aa24f35e1b516d23) [PhysX] Initialized MultithreadedTaskDispatcher with 12 workers.
 -> (artifact id: '654074efab94fdcf1270974fcf03d135') in 0.027066 seconds
Number of updated asset objects reloaded before import = 0
Number of asset objects unloaded after import = 1
========================================================================
Received Import Request.
  Time since last request: 0.000071 seconds.
  path: Assets/Mats/Wall/Wall.mat
  artifactKey: Guid(901d5a99ac1cc6f4db63ae55a33c216c) Importer(2089858483,0ecaa5967403d082aa24f35e1b516d23)
Start importing Assets/Mats/Wall/Wall.mat using Guid(901d5a99ac1cc6f4db63ae55a33c216c) Importer(2089858483,0ecaa5967403d082aa24f35e1b516d23) [PhysX] Initialized MultithreadedTaskDispatcher with 12 workers.
 -> (artifact id: '9b2b43e5567d841cc9ae0c898012ac4f') in 0.028948 seconds
Number of updated asset objects reloaded before import = 0
Number of asset objects unloaded after import = 4
========================================================================
Received Import Request.
  Time since last request: 0.000033 seconds.
  path: Assets/assets/tablo.fbx
  artifactKey: Guid(7de7f930e482c7e419e1a76a0c732563) Importer(2089858483,0ecaa5967403d082aa24f35e1b516d23)
Start importing Assets/assets/tablo.fbx using Guid(7de7f930e482c7e419e1a76a0c732563) Importer(2089858483,0ecaa5967403d082aa24f35e1b516d23) [PhysX] Initialized MultithreadedTaskDispatcher with 12 workers.
 -> (artifact id: 'ae195937b47850fa44c448ce6dd02468') in 0.055733 seconds
Number of updated asset objects reloaded before import = 0
Number of asset objects unloaded after import = 10
========================================================================
Received Import Request.
  Time since last request: 0.000038 seconds.
  path: Assets/assets/ic_kapi.fbx
  artifactKey: Guid(d520a224f6b2301498663eba3bbcb443) Importer(2089858483,0ecaa5967403d082aa24f35e1b516d23)
Start importing Assets/assets/ic_kapi.fbx using Guid(d520a224f6b2301498663eba3bbcb443) Importer(2089858483,0ecaa5967403d082aa24f35e1b516d23) [PhysX] Initialized MultithreadedTaskDispatcher with 12 workers.
 -> (artifact id: '64387e4873156d7ace8f500fbebb430d') in 0.053061 seconds
Number of updated asset objects reloaded before import = 0
Number of asset objects unloaded after import = 10
========================================================================
Received Import Request.
  Time since last request: 0.000037 seconds.
  path: Assets/assets/koseler.mat
  artifactKey: Guid(2c2d9746ea43ac3449af875500064ff0) Importer(2089858483,0ecaa5967403d082aa24f35e1b516d23)
Start importing Assets/assets/koseler.mat using Guid(2c2d9746ea43ac3449af875500064ff0) Importer(2089858483,0ecaa5967403d082aa24f35e1b516d23) [PhysX] Initialized MultithreadedTaskDispatcher with 12 workers.
 -> (artifact id: '279dfeeb018bdb344cca4fa5f1e40528') in 0.034754 seconds
Number of updated asset objects reloaded before import = 0
Number of asset objects unloaded after import = 1
========================================================================
Received Import Request.
  Time since last request: 0.000058 seconds.
  path: Assets/Settings/URP-HighFidelity.asset
  artifactKey: Guid(7b7fd9122c28c4d15b667c7040e3b3fd) Importer(2089858483,0ecaa5967403d082aa24f35e1b516d23)
Start importing Assets/Settings/URP-HighFidelity.asset using Guid(7b7fd9122c28c4d15b667c7040e3b3fd) Importer(2089858483,0ecaa5967403d082aa24f35e1b516d23) [PhysX] Initialized MultithreadedTaskDispatcher with 12 workers.
 -> (artifact id: '390a3957bc954538aa0bf101017fdc30') in 0.069317 seconds
Number of updated asset objects reloaded before import = 0
Number of asset objects unloaded after import = 1
========================================================================
Received Import Request.
  Time since last request: 0.000046 seconds.
  path: Assets/Mats/Ceiling/OfficeCeiling001_1K-PNG_AmbientOcclusion.png
  artifactKey: Guid(b57affb532def2d499aeb50fc51fa7f8) Importer(2089858483,0ecaa5967403d082aa24f35e1b516d23)
Start importing Assets/Mats/Ceiling/OfficeCeiling001_1K-PNG_AmbientOcclusion.png using Guid(b57affb532def2d499aeb50fc51fa7f8) Importer(2089858483,0ecaa5967403d082aa24f35e1b516d23) [PhysX] Initialized MultithreadedTaskDispatcher with 12 workers.
 -> (artifact id: 'a6cdd6eb0b4f671c24344295f288d8c6') in 0.037487 seconds
Number of updated asset objects reloaded before import = 0
Number of asset objects unloaded after import = 1
========================================================================
Received Import Request.
  Time since last request: 0.000046 seconds.
  path: Assets/Mats/Ceiling/OfficeCeiling001_1K-PNG_Roughness.png
  artifactKey: Guid(d1f4a4f2afc39ec4d94680e02825f030) Importer(2089858483,0ecaa5967403d082aa24f35e1b516d23)
Start importing Assets/Mats/Ceiling/OfficeCeiling001_1K-PNG_Roughness.png using Guid(d1f4a4f2afc39ec4d94680e02825f030) Importer(2089858483,0ecaa5967403d082aa24f35e1b516d23) [PhysX] Initialized MultithreadedTaskDispatcher with 12 workers.
 -> (artifact id: '6ee6031328f6c6720cb4321d6cbc39f4') in 0.034687 seconds
Number of updated asset objects reloaded before import = 0
Number of asset objects unloaded after import = 1
========================================================================
Received Prepare
Caller must complete domain reload
Begin MonoManager ReloadAssembly
- Loaded All Assemblies, in  3.922 seconds
Native extension for UWP target not found
Native extension for WindowsStandalone target not found
Native extension for Android target not found
Native extension for WebGL target not found
Mono: successfully reloaded assembly
- Finished resetting the current domain, in  3.209 seconds
Domain Reload Profiling: 7128ms
	BeginReloadAssembly (1105ms)
		ExecutionOrderSort (0ms)
		DisableScriptedObjects (96ms)
		BackupInstance (0ms)
		ReleaseScriptingObjects (1ms)
		CreateAndSetChildDomain (687ms)
	RebuildCommonClasses (46ms)
	RebuildNativeTypeToScriptingClass (13ms)
	initialDomainReloadingComplete (49ms)
	LoadAllAssembliesAndSetupDomain (2706ms)
		LoadAssemblies (2825ms)
		RebuildTransferFunctionScriptingTraits (0ms)
		AnalyzeDomain (99ms)
			TypeCache.Refresh (27ms)
				TypeCache.ScanAssembly (1ms)
			ScanForSourceGeneratedMonoScriptInfo (55ms)
			ResolveRequiredComponents (15ms)
	FinalizeReload (3210ms)
		ReleaseScriptCaches (0ms)
		RebuildScriptCaches (0ms)
		SetupLoadedEditorAssemblies (531ms)
			LogAssemblyErrors (0ms)
			InitializePlatformSupportModulesInManaged (34ms)
			SetLoadedEditorAssemblies (6ms)
			RefreshPlugins (0ms)
			BeforeProcessingInitializeOnLoad (90ms)
			ProcessInitializeOnLoadAttributes (321ms)
			ProcessInitializeOnLoadMethodAttributes (72ms)
			AfterProcessingInitializeOnLoad (8ms)
			EditorAssembliesLoaded (0ms)
		ExecutionOrderSort2 (0ms)
		AwakeInstancesAfterBackupRestoration (21ms)
Refreshing native plugins compatible for Editor in 6.30 ms, found 3 plugins.
Preloading 0 native plugins for Editor in 0.00 ms.
Unloading 4746 Unused Serialized files (Serialized files now loaded: 0)
Unloading 19 unused Assets / (316.0 KB). Loaded Objects now: 5454.
Memory consumption went from 176.2 MB to 175.9 MB.
Total: 7.721400 ms (FindLiveObjects: 0.490900 ms CreateObjectMapping: 0.159300 ms MarkObjects: 5.922100 ms  DeleteObjects: 1.147700 ms)

Prepare: number of updated asset objects reloaded= 0
AssetImportParameters requested are different than current active one (requested -> active):
  custom:container-demuxer-ogg: 62fdf1f143b41e24485cea50d1cbac27 -> 
  custom:scripting/monoscript/fileName/CameraPosition.cs: e732973052cb68f8e8bdea9d3c698b87 -> 
  custom:video-decoder-ogg-theora: a1e56fd34408186e4bbccfd4996cb3dc -> 
  custom:framework-win-MediaFoundation: 216162199b28c13a410421893ffa2e32 -> 
  custom:CustomObjectIndexerAttribute: 72b91833f83ae208fae7752999fa3104 -> 
  custom:container-demuxer-webm: 4f35f7cbe854078d1ac9338744f61a02 -> 
  custom:container-muxer-webm: aa71ff27fc2769a1b78a27578f13a17b -> 
  custom:video-decoder-webm-vp8: 9c59270c3fd7afecdb556c50c9e8de78 -> 
  custom:SearchIndexIgnoredProperties: e643bd26f0fe6173181afceb89e7c659 -> 
  custom:AudioImporter_EditorPlatform: d09bf68614088b80899f8185d706f6e7 -> 
  custom:video-encoder-webm-vp8: eb34c28f22e8b96e1ab97ce403110664 -> 
  custom:audio-decoder-ogg-vorbis: bf7c407c2cedff20999df2af8eb42d56 -> 
  custom:audio-encoder-webm-vorbis: bf7c407c2cedff20999df2af8eb42d56 -> 
  custom:scripting/precompiled-assembly-types:Assembly-CSharp: 1b2e2c1c250cf102f7aee5a2e3ff9ca2 -> 20cdaaa988618e7c32f4baf96f88c255
Editor requested this worker to shutdown with reason: Scaling down because of idle timeout
TcpMessagingSession - receive error: operation aborted. errorcode: 995, details: The I/O operation has been aborted because of either a thread exit or an application request.
AssetImportWorker is now disconnected from the server
Process exiting
Exiting without the bug reporter. Application will terminate with return code 0